<?xml version="1.0" encoding="UTF-8"?>
<testsuite name="JUnit Jupiter" tests="16" skipped="0" failures="0" errors="0" time="33.625" hostname="Kamran" timestamp="2018-05-16T15:53:31">
<properties>
[...]
</properties>
<testcase name="testIndividualInsertionNonExistentClass()" classname="SemanticHadithControllerTest" time="7.479">
<system-out><![CDATA[
unique-id: [engine:junit-jupiter]/[class:SemanticHadithControllerTest]/[method:testIndividualInsertionNonExistentClass()]
display-name: testIndividualInsertionNonExistentClass()
]]></system-out>
</testcase>
<testcase name="testSearchQueryWithCorrectValues()" classname="SemanticHadithControllerTest" time="1.696">
<system-out><![CDATA[
unique-id: [engine:junit-jupiter]/[class:SemanticHadithControllerTest]/[method:testSearchQueryWithCorrectValues()]
display-name: testSearchQueryWithCorrectValues()
]]></system-out>
</testcase>
<testcase name="testServletException()" classname="SemanticHadithControllerTest" time="1.542">
<system-out><![CDATA[
unique-id: [engine:junit-jupiter]/[class:SemanticHadithControllerTest]/[method:testServletException()]
display-name: testServletException()
]]></system-out>
</testcase>
<testcase name="testSparqlIndvidualRelationsCorrectValues()" classname="SemanticHadithControllerTest" time="3.561">
<system-out><![CDATA[
unique-id: [engine:junit-jupiter]/[class:SemanticHadithControllerTest]/[method:testSparqlIndvidualRelationsCorrectValues()]
display-name: testSparqlIndvidualRelationsCorrectValues()
]]></system-out>
</testcase>
<testcase name="testIndividualInsertionCorrectly()" classname="SemanticHadithControllerTest" time="5.67">
<system-out><![CDATA[
unique-id: [engine:junit-jupiter]/[class:SemanticHadithControllerTest]/[method:testIndividualInsertionCorrectly()]
display-name: testIndividualInsertionCorrectly()
]]></system-out>
</testcase>
<testcase name="testBrowseOntology()" classname="SemanticHadithControllerTest" time="5.212">
<system-out><![CDATA[
unique-id: [engine:junit-jupiter]/[class:SemanticHadithControllerTest]/[method:testBrowseOntology()]
display-name: testBrowseOntology()
]]></system-out>
</testcase>
<testcase name="testSearchQueryWithMoreSelectValues()" classname="SemanticHadithControllerTest" time="0">
<system-out><![CDATA[
unique-id: [engine:junit-jupiter]/[class:SemanticHadithControllerTest]/[method:testSearchQueryWithMoreSelectValues()]
display-name: testSearchQueryWithMoreSelectValues()
]]></system-out>
</testcase>
<testcase name="testProfileValueFromQuranOntology()" classname="SemanticHadithControllerTest" time="1.301">
<system-out><![CDATA[
unique-id: [engine:junit-jupiter]/[class:SemanticHadithControllerTest]/[method:testProfileValueFromQuranOntology()]
display-name: testProfileValueFromQuranOntology()
]]></system-out>
</testcase>
<testcase name="testServletPropertyn()" classname="SemanticHadithControllerTest" time="2.603">
<system-out><![CDATA[
unique-id: [engine:junit-jupiter]/[class:SemanticHadithControllerTest]/[method:testServletPropertyn()]
display-name: testServletPropertyn()
]]></system-out>
</testcase>
<testcase name="testServletInsertion()" classname="SemanticHadithControllerTest" time="2.696">
<system-out><![CDATA[
unique-id: [engine:junit-jupiter]/[class:SemanticHadithControllerTest]/[method:testServletInsertion()]
display-name: testServletInsertion()
]]></system-out>
</testcase>
<testcase name="testSearchQueryWithIncorrectWhereValue()" classname="SemanticHadithControllerTest" time="0.001">
<system-out><![CDATA[
unique-id: [engine:junit-jupiter]/[class:SemanticHadithControllerTest]/[method:testSearchQueryWithIncorrectWhereValue()]
display-name: testSearchQueryWithIncorrectWhereValue()
]]></system-out>
</testcase>
<testcase name="testProfileValueFromSHOntology()" classname="SemanticHadithControllerTest" time="1.208">
<system-out><![CDATA[
unique-id: [engine:junit-jupiter]/[class:SemanticHadithControllerTest]/[method:testProfileValueFromSHOntology()]
display-name: testProfileValueFromSHOntology()
]]></system-out>
</testcase>
<testcase name="testProfileValuewithNull()" classname="SemanticHadithControllerTest" time="0">
<system-out><![CDATA[
unique-id: [engine:junit-jupiter]/[class:SemanticHadithControllerTest]/[method:testProfileValuewithNull()]
display-name: testProfileValuewithNull()
]]></system-out>
</testcase>
<testcase name="testProfileValuewithMissingUri()" classname="SemanticHadithControllerTest" time="0.029">
<system-out><![CDATA[
unique-id: [engine:junit-jupiter]/[class:SemanticHadithControllerTest]/[method:testProfileValuewithMissingUri()]
display-name: testProfileValuewithMissingUri()
]]></system-out>
</testcase>
<testcase name="testServlet()" classname="SemanticHadithControllerTest" time="0.002">
<system-out><![CDATA[
unique-id: [engine:junit-jupiter]/[class:SemanticHadithControllerTest]/[method:testServlet()]
display-name: testServlet()
]]></system-out>
</testcase>
<testcase name="testSearchQueryWithLessSelectValues()" classname="SemanticHadithControllerTest" time="0.462">
<system-out><![CDATA[
unique-id: [engine:junit-jupiter]/[class:SemanticHadithControllerTest]/[method:testSearchQueryWithLessSelectValues()]
display-name: testSearchQueryWithLessSelectValues()
]]></system-out>
</testcase>
<system-out><![CDATA[
unique-id: [engine:junit-jupiter]
display-name: JUnit Jupiter
]]></system-out>
</testsuite>
